c:\users\étienne\onedrive\github\tp3-sd-dictionnaire-interactif\interactivedictionaryclr\interactivedictionaryclr\debug\interactivedictionaryclr.pch
c:\users\étienne\onedrive\github\tp3-sd-dictionnaire-interactif\interactivedictionaryclr\interactivedictionaryclr\debug\vc120.pdb
c:\users\étienne\onedrive\github\tp3-sd-dictionnaire-interactif\interactivedictionaryclr\interactivedictionaryclr\debug\stdafx.obj
c:\users\étienne\onedrive\github\tp3-sd-dictionnaire-interactif\interactivedictionaryclr\interactivedictionaryclr\debug\interactivedictionaryclr.obj
c:\users\étienne\onedrive\github\tp3-sd-dictionnaire-interactif\interactivedictionaryclr\interactivedictionaryclr\debug\assemblyinfo.obj
c:\users\étienne\onedrive\github\tp3-sd-dictionnaire-interactif\interactivedictionaryclr\interactivedictionaryclr\debug\.netframework,version=v4.5.assemblyattributes.obj
c:\users\étienne\onedrive\github\tp3-sd-dictionnaire-interactif\interactivedictionaryclr\interactivedictionaryclr\debug\app.res
c:\users\étienne\onedrive\github\tp3-sd-dictionnaire-interactif\interactivedictionaryclr\debug\interactivedictionaryclr.pdb
c:\users\étienne\onedrive\github\tp3-sd-dictionnaire-interactif\interactivedictionaryclr\interactivedictionaryclr\debug\interact.bf7667aa.tlog\cl.command.1.tlog
c:\users\étienne\onedrive\github\tp3-sd-dictionnaire-interactif\interactivedictionaryclr\interactivedictionaryclr\debug\interact.bf7667aa.tlog\cl.read.1.tlog
c:\users\étienne\onedrive\github\tp3-sd-dictionnaire-interactif\interactivedictionaryclr\interactivedictionaryclr\debug\interact.bf7667aa.tlog\cl.write.1.tlog
c:\users\étienne\onedrive\github\tp3-sd-dictionnaire-interactif\interactivedictionaryclr\interactivedictionaryclr\debug\interact.bf7667aa.tlog\link.10168-cvtres.read.1.tlog
c:\users\étienne\onedrive\github\tp3-sd-dictionnaire-interactif\interactivedictionaryclr\interactivedictionaryclr\debug\interact.bf7667aa.tlog\link.10168-cvtres.write.1.tlog
c:\users\étienne\onedrive\github\tp3-sd-dictionnaire-interactif\interactivedictionaryclr\interactivedictionaryclr\debug\interact.bf7667aa.tlog\link.10168-rc.read.1.tlog
c:\users\étienne\onedrive\github\tp3-sd-dictionnaire-interactif\interactivedictionaryclr\interactivedictionaryclr\debug\interact.bf7667aa.tlog\link.10168-rc.write.1.tlog
c:\users\étienne\onedrive\github\tp3-sd-dictionnaire-interactif\interactivedictionaryclr\interactivedictionaryclr\debug\interact.bf7667aa.tlog\link.10168.read.1.tlog
c:\users\étienne\onedrive\github\tp3-sd-dictionnaire-interactif\interactivedictionaryclr\interactivedictionaryclr\debug\interact.bf7667aa.tlog\link.10168.write.1.tlog
c:\users\étienne\onedrive\github\tp3-sd-dictionnaire-interactif\interactivedictionaryclr\interactivedictionaryclr\debug\interact.bf7667aa.tlog\link.10844-cvtres.read.1.tlog
c:\users\étienne\onedrive\github\tp3-sd-dictionnaire-interactif\interactivedictionaryclr\interactivedictionaryclr\debug\interact.bf7667aa.tlog\link.10844-cvtres.write.1.tlog
c:\users\étienne\onedrive\github\tp3-sd-dictionnaire-interactif\interactivedictionaryclr\interactivedictionaryclr\debug\interact.bf7667aa.tlog\link.10844-rc.read.1.tlog
c:\users\étienne\onedrive\github\tp3-sd-dictionnaire-interactif\interactivedictionaryclr\interactivedictionaryclr\debug\interact.bf7667aa.tlog\link.10844-rc.write.1.tlog
c:\users\étienne\onedrive\github\tp3-sd-dictionnaire-interactif\interactivedictionaryclr\interactivedictionaryclr\debug\interact.bf7667aa.tlog\link.10844.read.1.tlog
c:\users\étienne\onedrive\github\tp3-sd-dictionnaire-interactif\interactivedictionaryclr\interactivedictionaryclr\debug\interact.bf7667aa.tlog\link.10844.write.1.tlog
c:\users\étienne\onedrive\github\tp3-sd-dictionnaire-interactif\interactivedictionaryclr\interactivedictionaryclr\debug\interact.bf7667aa.tlog\link.4844-cvtres.read.1.tlog
c:\users\étienne\onedrive\github\tp3-sd-dictionnaire-interactif\interactivedictionaryclr\interactivedictionaryclr\debug\interact.bf7667aa.tlog\link.4844-cvtres.write.1.tlog
c:\users\étienne\onedrive\github\tp3-sd-dictionnaire-interactif\interactivedictionaryclr\interactivedictionaryclr\debug\interact.bf7667aa.tlog\link.4844-rc.read.1.tlog
c:\users\étienne\onedrive\github\tp3-sd-dictionnaire-interactif\interactivedictionaryclr\interactivedictionaryclr\debug\interact.bf7667aa.tlog\link.4844-rc.write.1.tlog
c:\users\étienne\onedrive\github\tp3-sd-dictionnaire-interactif\interactivedictionaryclr\interactivedictionaryclr\debug\interact.bf7667aa.tlog\link.4844.read.1.tlog
c:\users\étienne\onedrive\github\tp3-sd-dictionnaire-interactif\interactivedictionaryclr\interactivedictionaryclr\debug\interact.bf7667aa.tlog\link.4844.write.1.tlog
c:\users\étienne\onedrive\github\tp3-sd-dictionnaire-interactif\interactivedictionaryclr\interactivedictionaryclr\debug\interact.bf7667aa.tlog\link.command.1.tlog
c:\users\étienne\onedrive\github\tp3-sd-dictionnaire-interactif\interactivedictionaryclr\interactivedictionaryclr\debug\interact.bf7667aa.tlog\link.read.1.tlog
c:\users\étienne\onedrive\github\tp3-sd-dictionnaire-interactif\interactivedictionaryclr\interactivedictionaryclr\debug\interact.bf7667aa.tlog\link.write.1.tlog
c:\users\étienne\onedrive\github\tp3-sd-dictionnaire-interactif\interactivedictionaryclr\interactivedictionaryclr\debug\interact.bf7667aa.tlog\metagen.read.1.tlog
c:\users\étienne\onedrive\github\tp3-sd-dictionnaire-interactif\interactivedictionaryclr\interactivedictionaryclr\debug\interact.bf7667aa.tlog\metagen.write.1.tlog
c:\users\étienne\onedrive\github\tp3-sd-dictionnaire-interactif\interactivedictionaryclr\interactivedictionaryclr\debug\interact.bf7667aa.tlog\rc.command.1.tlog
c:\users\étienne\onedrive\github\tp3-sd-dictionnaire-interactif\interactivedictionaryclr\interactivedictionaryclr\debug\interact.bf7667aa.tlog\rc.read.1.tlog
c:\users\étienne\onedrive\github\tp3-sd-dictionnaire-interactif\interactivedictionaryclr\interactivedictionaryclr\debug\interact.bf7667aa.tlog\rc.write.1.tlog
c:\users\étienne\onedrive\github\tp3-sd-dictionnaire-interactif\interactivedictionaryclr\interactivedictionaryclr\debug\interact.bf7667aa.tlog\tzres.dll.bi
