La génération a démarré 04/déc./2015 19:10:57.
     1>Projet "C:\Users\Étienne\OneDrive\GitHub\TP3-SD-Dictionnaire-Interactif\InteractiveDictionaryCLR\InteractiveDictionaryCLR\InteractiveDictionaryCLR.vcxproj" sur le nœud 2 (Build cible(s)).
     1>ClCompile:
         C:\Program Files (x86)\Microsoft Visual Studio 12.0\VC\bin\CL.exe /c /AI"C:\Program Files (x86)\Reference Assemblies\Microsoft\Framework\.NETFramework\v4.5\\" /AI"C:\Program Files (x86)\Windows Kits\8.1\References\CommonConfiguration\Neutral" /AI"C:\Program Files (x86)\Reference Assemblies\Microsoft\Framework\.NETFramework\v4.5\Facades\\" /Zi /clr /nologo /W3 /WX- /O2 /Oy- /D WIN32 /D NDEBUG /D _WINDLL /D _UNICODE /D UNICODE /EHa /MD /GS /fp:precise /Zc:wchar_t /Zc:forScope /Yc"stdafx.h" /Fp"Release\InteractiveDictionaryCLR.pch" /Fo"Release\\" /Fd"Release\vc120.pdb" /TP /FU"C:\Program Files (x86)\Reference Assemblies\Microsoft\Framework\.NETFramework\v4.5\mscorlib.dll" /FU"C:\Program Files (x86)\Reference Assemblies\Microsoft\Framework\.NETFramework\v4.5\System.Data.dll" /FU"C:\Program Files (x86)\Reference Assemblies\Microsoft\Framework\.NETFramework\v4.5\System.dll" /FU"C:\Program Files (x86)\Reference Assemblies\Microsoft\Framework\.NETFramework\v4.5\System.Xml.dll" /analyze- /errorReport:prompt /clr:nostdlib Stdafx.cpp
         Stdafx.cpp
         C:\Program Files (x86)\Microsoft Visual Studio 12.0\VC\bin\CL.exe /c /AI"C:\Program Files (x86)\Reference Assemblies\Microsoft\Framework\.NETFramework\v4.5\\" /AI"C:\Program Files (x86)\Windows Kits\8.1\References\CommonConfiguration\Neutral" /AI"C:\Program Files (x86)\Reference Assemblies\Microsoft\Framework\.NETFramework\v4.5\Facades\\" /Zi /clr /nologo /W3 /WX- /O2 /Oy- /D WIN32 /D NDEBUG /D _WINDLL /D _UNICODE /D UNICODE /EHa /MD /GS /fp:precise /Zc:wchar_t /Zc:forScope /Yu"stdafx.h" /Fp"Release\InteractiveDictionaryCLR.pch" /Fo"Release\\" /Fd"Release\vc120.pdb" /TP /FU"C:\Program Files (x86)\Reference Assemblies\Microsoft\Framework\.NETFramework\v4.5\mscorlib.dll" /FU"C:\Program Files (x86)\Reference Assemblies\Microsoft\Framework\.NETFramework\v4.5\System.Data.dll" /FU"C:\Program Files (x86)\Reference Assemblies\Microsoft\Framework\.NETFramework\v4.5\System.dll" /FU"C:\Program Files (x86)\Reference Assemblies\Microsoft\Framework\.NETFramework\v4.5\System.Xml.dll" /analyze- /errorReport:prompt /clr:nostdlib AssemblyInfo.cpp InteractiveDictionaryCLR.cpp
         AssemblyInfo.cpp
         InteractiveDictionaryCLR.cpp
         Génération de code en cours...
         C:\Program Files (x86)\Microsoft Visual Studio 12.0\VC\bin\CL.exe /c /Zi /clr /nologo /W3 /WX- /O2 /Oy- /D WIN32 /D NDEBUG /D _WINDLL /D _UNICODE /D UNICODE /EHa /MD /GS /fp:precise /Zc:wchar_t /Zc:forScope /Fo"Release\\" /Fd"Release\vc120.pdb" /TP /analyze- /errorReport:prompt "C:\Users\Étienne\AppData\Local\Temp\.NETFramework,Version=v4.5.AssemblyAttributes.cpp"
         .NETFramework,Version=v4.5.AssemblyAttributes.cpp
       ResourceCompile:
         C:\Program Files (x86)\Windows Kits\8.1\bin\x86\rc.exe /D _UNICODE /D UNICODE /l"0x0409" /nologo /fo"Release\app.res" app.rc 
       Link:
         C:\Program Files (x86)\Microsoft Visual Studio 12.0\VC\bin\link.exe /ERRORREPORT:PROMPT /OUT:"C:\Users\Étienne\OneDrive\GitHub\TP3-SD-Dictionnaire-Interactif\InteractiveDictionaryCLR\Release\InteractiveDictionaryCLR.dll" /INCREMENTAL:NO /NOLOGO ..\..\InteractiveDictionaryLibs\Debug\InteractiveDictionaryLibs.lib ..\..\InteractiveDictionaryLibs\Debug\AVLTree.lib kernel32.lib user32.lib gdi32.lib winspool.lib comdlg32.lib advapi32.lib shell32.lib ole32.lib oleaut32.lib uuid.lib odbc32.lib odbccp32.lib /MANIFEST /MANIFESTUAC:"level='asInvoker' uiAccess='false'" /manifest:embed /DEBUG /PDB:"C:\Users\Étienne\OneDrive\GitHub\TP3-SD-Dictionnaire-Interactif\InteractiveDictionaryCLR\Release\InteractiveDictionaryCLR.pdb" /TLBID:1 /DYNAMICBASE /FIXED:NO /NXCOMPAT /MACHINE:X86 /SAFESEH /DLL Release\app.res
         Release\AssemblyInfo.obj
         Release\InteractiveDictionaryCLR.obj
         Release\Stdafx.obj
         "Release\.NETFramework,Version=v4.5.AssemblyAttributes.obj"
     1>InteractiveDictionaryLibs.lib(InteractiveDictionaryLibs.obj) : warning LNK4075: ' /EDITANDCONTINUE' ignoré à cause de la spécification '/OPT:LBR'
         InteractiveDictionaryCLR.vcxproj -> C:\Users\Étienne\OneDrive\GitHub\TP3-SD-Dictionnaire-Interactif\InteractiveDictionaryCLR\Release\InteractiveDictionaryCLR.dll
     1>Génération du projet "C:\Users\Étienne\OneDrive\GitHub\TP3-SD-Dictionnaire-Interactif\InteractiveDictionaryCLR\InteractiveDictionaryCLR\InteractiveDictionaryCLR.vcxproj" terminée (Build cible(s)).

La génération a réussi.

Temps écoulé 00:00:02.05
