c:\users\étienne\onedrive\github\tp3-sd-dictionnaire-interactif\interactivedictionaryclr\interactivedictionaryclr\release\interactivedictionaryclr.pch
c:\users\étienne\onedrive\github\tp3-sd-dictionnaire-interactif\interactivedictionaryclr\interactivedictionaryclr\release\vc120.pdb
c:\users\étienne\onedrive\github\tp3-sd-dictionnaire-interactif\interactivedictionaryclr\interactivedictionaryclr\release\stdafx.obj
c:\users\étienne\onedrive\github\tp3-sd-dictionnaire-interactif\interactivedictionaryclr\interactivedictionaryclr\release\interactivedictionaryclr.obj
c:\users\étienne\onedrive\github\tp3-sd-dictionnaire-interactif\interactivedictionaryclr\interactivedictionaryclr\release\assemblyinfo.obj
c:\users\étienne\onedrive\github\tp3-sd-dictionnaire-interactif\interactivedictionaryclr\interactivedictionaryclr\release\.netframework,version=v4.5.assemblyattributes.obj
c:\users\étienne\onedrive\github\tp3-sd-dictionnaire-interactif\interactivedictionaryclr\release\interactivedictionaryclr.dll
c:\users\étienne\onedrive\github\tp3-sd-dictionnaire-interactif\interactivedictionaryclr\release\interactivedictionaryclr.pdb
c:\users\étienne\onedrive\github\tp3-sd-dictionnaire-interactif\interactivedictionaryclr\interactivedictionaryclr\release\app.res
c:\users\étienne\onedrive\github\tp3-sd-dictionnaire-interactif\interactivedictionaryclr\interactivedictionaryclr\release\interact.bf7667aa.tlog\cl.command.1.tlog
c:\users\étienne\onedrive\github\tp3-sd-dictionnaire-interactif\interactivedictionaryclr\interactivedictionaryclr\release\interact.bf7667aa.tlog\cl.read.1.tlog
c:\users\étienne\onedrive\github\tp3-sd-dictionnaire-interactif\interactivedictionaryclr\interactivedictionaryclr\release\interact.bf7667aa.tlog\cl.write.1.tlog
c:\users\étienne\onedrive\github\tp3-sd-dictionnaire-interactif\interactivedictionaryclr\interactivedictionaryclr\release\interact.bf7667aa.tlog\link.command.1.tlog
c:\users\étienne\onedrive\github\tp3-sd-dictionnaire-interactif\interactivedictionaryclr\interactivedictionaryclr\release\interact.bf7667aa.tlog\link.read.1.tlog
c:\users\étienne\onedrive\github\tp3-sd-dictionnaire-interactif\interactivedictionaryclr\interactivedictionaryclr\release\interact.bf7667aa.tlog\link.write.1.tlog
c:\users\étienne\onedrive\github\tp3-sd-dictionnaire-interactif\interactivedictionaryclr\interactivedictionaryclr\release\interact.bf7667aa.tlog\metagen.read.1.tlog
c:\users\étienne\onedrive\github\tp3-sd-dictionnaire-interactif\interactivedictionaryclr\interactivedictionaryclr\release\interact.bf7667aa.tlog\metagen.write.1.tlog
c:\users\étienne\onedrive\github\tp3-sd-dictionnaire-interactif\interactivedictionaryclr\interactivedictionaryclr\release\interact.bf7667aa.tlog\rc.command.1.tlog
c:\users\étienne\onedrive\github\tp3-sd-dictionnaire-interactif\interactivedictionaryclr\interactivedictionaryclr\release\interact.bf7667aa.tlog\rc.read.1.tlog
c:\users\étienne\onedrive\github\tp3-sd-dictionnaire-interactif\interactivedictionaryclr\interactivedictionaryclr\release\interact.bf7667aa.tlog\rc.write.1.tlog
c:\users\étienne\onedrive\github\tp3-sd-dictionnaire-interactif\interactivedictionaryclr\interactivedictionaryclr\release\interact.bf7667aa.tlog\tzres.dll.bi
