c:\users\étienne\onedrive\github\tp3-sd-dictionnaire-interactif\interactivedictionaryclr\interactivedictionary\release\vc120.pdb
c:\users\étienne\onedrive\github\tp3-sd-dictionnaire-interactif\interactivedictionaryclr\interactivedictionary\release\interactivedictionary.obj
c:\users\étienne\onedrive\github\tp3-sd-dictionnaire-interactif\interactivedictionaryclr\interactivedictionary\release\assemblyinfo.obj
c:\users\étienne\onedrive\github\tp3-sd-dictionnaire-interactif\interactivedictionaryclr\interactivedictionary\release\interactivedictionaryclr.pch
c:\users\étienne\onedrive\github\tp3-sd-dictionnaire-interactif\interactivedictionaryclr\interactivedictionary\release\stdafx.obj
c:\users\étienne\onedrive\github\tp3-sd-dictionnaire-interactif\interactivedictionaryclr\interactivedictionary\release\interactivedictionaryclr.obj
c:\users\étienne\onedrive\github\tp3-sd-dictionnaire-interactif\interactivedictionaryclr\interactivedictionary\release\.netframework,version=v4.5.assemblyattributes.obj
c:\users\étienne\onedrive\github\tp3-sd-dictionnaire-interactif\interactivedictionaryclr\release\interactivedictionary.dll
c:\users\étienne\onedrive\github\tp3-sd-dictionnaire-interactif\interactivedictionaryclr\release\interactivedictionary.pdb
c:\users\étienne\onedrive\github\tp3-sd-dictionnaire-interactif\interactivedictionaryclr\interactivedictionary\release\app.res
c:\users\étienne\onedrive\github\tp3-sd-dictionnaire-interactif\interactivedictionaryclr\interactivedictionary\release\interactivedictionary.vcxprojresolveassemblyreference.cache
c:\users\étienne\onedrive\github\tp3-sd-dictionnaire-interactif\interactivedictionaryclr\interactivedictionary\release\interactivedictionary.pch
c:\users\étienne\onedrive\github\tp3-sd-dictionnaire-interactif\interactivedictionaryclr\interactivedictionary\release\interact.e8ac85b6.tlog\cl.command.1.tlog
c:\users\étienne\onedrive\github\tp3-sd-dictionnaire-interactif\interactivedictionaryclr\interactivedictionary\release\interact.e8ac85b6.tlog\cl.read.1.tlog
c:\users\étienne\onedrive\github\tp3-sd-dictionnaire-interactif\interactivedictionaryclr\interactivedictionary\release\interact.e8ac85b6.tlog\cl.write.1.tlog
c:\users\étienne\onedrive\github\tp3-sd-dictionnaire-interactif\interactivedictionaryclr\interactivedictionary\release\interact.e8ac85b6.tlog\link.command.1.tlog
c:\users\étienne\onedrive\github\tp3-sd-dictionnaire-interactif\interactivedictionaryclr\interactivedictionary\release\interact.e8ac85b6.tlog\link.read.1.tlog
c:\users\étienne\onedrive\github\tp3-sd-dictionnaire-interactif\interactivedictionaryclr\interactivedictionary\release\interact.e8ac85b6.tlog\link.write.1.tlog
c:\users\étienne\onedrive\github\tp3-sd-dictionnaire-interactif\interactivedictionaryclr\interactivedictionary\release\interact.e8ac85b6.tlog\metagen.read.1.tlog
c:\users\étienne\onedrive\github\tp3-sd-dictionnaire-interactif\interactivedictionaryclr\interactivedictionary\release\interact.e8ac85b6.tlog\metagen.write.1.tlog
c:\users\étienne\onedrive\github\tp3-sd-dictionnaire-interactif\interactivedictionaryclr\interactivedictionary\release\interact.e8ac85b6.tlog\rc.command.1.tlog
c:\users\étienne\onedrive\github\tp3-sd-dictionnaire-interactif\interactivedictionaryclr\interactivedictionary\release\interact.e8ac85b6.tlog\rc.read.1.tlog
c:\users\étienne\onedrive\github\tp3-sd-dictionnaire-interactif\interactivedictionaryclr\interactivedictionary\release\interact.e8ac85b6.tlog\rc.write.1.tlog
c:\users\étienne\onedrive\github\tp3-sd-dictionnaire-interactif\interactivedictionaryclr\interactivedictionary\release\interact.e8ac85b6.tlog\tzres.dll.bi
