c:\users\étienne\onedrive\github\tp3-sd-dictionnaire-interactif\interactivedictionaryclr\interactivedictionary\debug\vc120.pdb
c:\users\étienne\onedrive\github\tp3-sd-dictionnaire-interactif\interactivedictionaryclr\interactivedictionary\debug\interactivedictionary.obj
c:\users\étienne\onedrive\github\tp3-sd-dictionnaire-interactif\interactivedictionaryclr\interactivedictionary\debug\assemblyinfo.obj
c:\users\étienne\onedrive\github\tp3-sd-dictionnaire-interactif\interactivedictionaryclr\interactivedictionary\debug\interactivedictionaryclr.pch
c:\users\étienne\onedrive\github\tp3-sd-dictionnaire-interactif\interactivedictionaryclr\interactivedictionary\debug\stdafx.obj
c:\users\étienne\onedrive\github\tp3-sd-dictionnaire-interactif\interactivedictionaryclr\interactivedictionary\debug\.netframework,version=v4.5.assemblyattributes.obj
c:\users\étienne\onedrive\github\tp3-sd-dictionnaire-interactif\interactivedictionaryclr\interactivedictionary\debug\interactivedictionaryclr.obj
c:\users\étienne\onedrive\github\tp3-sd-dictionnaire-interactif\interactivedictionaryclr\interactivedictionary\debug\app.res
c:\users\étienne\onedrive\github\tp3-sd-dictionnaire-interactif\interactivedictionaryclr\interactivedictionary\debug\interactivedictionary.vcxprojresolveassemblyreference.cache
c:\users\étienne\onedrive\github\tp3-sd-dictionnaire-interactif\interactivedictionaryclr\interactivedictionary\debug\interactivedictionary.pch
c:\users\étienne\onedrive\github\tp3-sd-dictionnaire-interactif\interactivedictionaryclr\interactivedictionary\debug\interact.e8ac85b6.tlog\cl.command.1.tlog
c:\users\étienne\onedrive\github\tp3-sd-dictionnaire-interactif\interactivedictionaryclr\interactivedictionary\debug\interact.e8ac85b6.tlog\cl.read.1.tlog
c:\users\étienne\onedrive\github\tp3-sd-dictionnaire-interactif\interactivedictionaryclr\interactivedictionary\debug\interact.e8ac85b6.tlog\cl.write.1.tlog
c:\users\étienne\onedrive\github\tp3-sd-dictionnaire-interactif\interactivedictionaryclr\interactivedictionary\debug\interact.e8ac85b6.tlog\link.command.1.tlog
c:\users\étienne\onedrive\github\tp3-sd-dictionnaire-interactif\interactivedictionaryclr\interactivedictionary\debug\interact.e8ac85b6.tlog\link.read.1.tlog
c:\users\étienne\onedrive\github\tp3-sd-dictionnaire-interactif\interactivedictionaryclr\interactivedictionary\debug\interact.e8ac85b6.tlog\link.write.1.tlog
c:\users\étienne\onedrive\github\tp3-sd-dictionnaire-interactif\interactivedictionaryclr\interactivedictionary\debug\interact.e8ac85b6.tlog\metagen.read.1.tlog
c:\users\étienne\onedrive\github\tp3-sd-dictionnaire-interactif\interactivedictionaryclr\interactivedictionary\debug\interact.e8ac85b6.tlog\metagen.write.1.tlog
c:\users\étienne\onedrive\github\tp3-sd-dictionnaire-interactif\interactivedictionaryclr\interactivedictionary\debug\interact.e8ac85b6.tlog\rc.command.1.tlog
c:\users\étienne\onedrive\github\tp3-sd-dictionnaire-interactif\interactivedictionaryclr\interactivedictionary\debug\interact.e8ac85b6.tlog\rc.read.1.tlog
c:\users\étienne\onedrive\github\tp3-sd-dictionnaire-interactif\interactivedictionaryclr\interactivedictionary\debug\interact.e8ac85b6.tlog\rc.write.1.tlog
c:\users\étienne\onedrive\github\tp3-sd-dictionnaire-interactif\interactivedictionaryclr\interactivedictionary\debug\interact.e8ac85b6.tlog\tzres.dll.bi
